<?xml version="1.0" encoding="UTF-8"?>
<!-- Generated by org.testng.reporters.JUnitReportReporter -->
<testsuite hostname="DESKTOP-8C0LO3K" failures="1" tests="5" name="Cucumber.Options.TestRunner" time="4.681" errors="0" timestamp="2025-02-22T12:14:27 IST" skipped="0">
  <testcase classname="Cucumber.Options.TestRunner" name="runScenario" time="0.210"/>
  <testcase classname="Cucumber.Options.TestRunner" name="runScenario" time="0.149"/>
  <testcase classname="Cucumber.Options.TestRunner" name="runScenario" time="3.801">
    <failure message="expected [201] but found [200]" type="java.lang.AssertionError">
      <![CDATA[java.lang.AssertionError: expected [201] but found [200]
at org.testng.Assert.fail(Assert.java:111)
at org.testng.Assert.failNotEquals(Assert.java:1578)
at org.testng.Assert.assertEqualsImpl(Assert.java:150)
at org.testng.Assert.assertEquals(Assert.java:132)
at org.testng.Assert.assertEquals(Assert.java:1419)
at org.testng.Assert.assertEquals(Assert.java:1383)
at org.testng.Assert.assertEquals(Assert.java:1429)
at stepDefinitions.CommonStepDefinition.the_status_code_should_be(CommonStepDefinition.java:29)
at âœ½.the status code should be "201"(file:///C:/Users/InfoBahn/eclipse-workspace/ApiAutomationCucumber/src/main/java/featureFiles/AddBook.feature:7)
]]>
    </failure>
  </testcase> <!-- runScenario -->
  <testcase classname="Cucumber.Options.TestRunner" name="runScenario" time="0.381"/>
  <testcase classname="Cucumber.Options.TestRunner" name="runScenario" time="0.140"/>
</testsuite> <!-- Cucumber.Options.TestRunner -->
